  056_frank_位运算补充.c
  057_frank_关系运算符.c
  059-062_frank_按位运算符.c
  075-frank_if&else_if.c
  144-作用域Scope.c
  157-指针与修改.c
  164-数组的首地址与指针的数值运算.c
  166-再探size_t与数组与指针的使用.c
  167-案例-指针查找特定元素的索引并返回.c
  168-指针访问多维数组.c
  169-指针数组.c
  170-1-函数的值传递与地址引用传递.c
  171-案例_员工薪资系统_指针作为函数返回值.c
  172-游戏案例_指针练习.c
  173-练习更新分数.c
  174-游戏案例-收藏奖杯.c
  double&float.c
  F036_overflow-underflow.c
  frank_019_integer-flow.c
  frank_030.（整形最后一课）.c
  正在生成代码...
  正在编译...
  frank_052_多重赋值.c
  frank_055_按位移位运算符.c
  frank_企业实际开发的整形说明.c
  GcdRecursive.c
  homework.c
  index.c
  Other.c
  prime_number_check.c
  run text.c
  三个数利用指针排序输出.c
  函数的注释.c
D:\Tool-Devs\Item-C\Learning-C-ahead\F036_overflow-underflow.c(10,28): warning C4056: 浮点常量算术溢出
D:\Tool-Devs\Item-C\Learning-C-ahead\函数的注释.c(1,1): warning C4819: 该文件包含不能在当前代码页(936)中表示的字符。请将该文件保存为 Unicode 格式以防止数据丢失
  加减运算表示除法运算.c
  字串符训练.c
  阶乘函数嵌套.c
  正在生成代码...
  Learning-C-ahead.vcxproj -> D:\Tool-Devs\Item-C\Learning-C-ahead\x64\Debug\Learning-C-ahead.exe
